C51 COMPILER V9.60.7.0   DC_MOTOR                                                          07/02/2025 18:01:42 PAGE 1   


C51 COMPILER V9.60.7.0, COMPILATION OF MODULE DC_MOTOR
OBJECT MODULE PLACED IN .\Objects\dc_motor.obj
COMPILER INVOKED BY: D:\keil5\C51\BIN\C51.EXE dc_motor.c OPTIMIZE(8,SPEED) BROWSE DEBUG OBJECTEXTEND PRINT(.\Listings\dc
                    -_motor.lst) OBJECT(.\Objects\dc_motor.obj)

line level    source

   1          # include "reg52.h"
   2          // 引脚定义
   3          sbit DC_Motor = P1^0;
   4          sbit KEY1 = P3^1;
   5          // 变量定义
   6          unsigned char motor_mode = 0;
   7          
   8          // 毫秒级延迟
   9          void delay_ms(unsigned int t) 
  10          {
  11   1          unsigned int i, j;
  12   1          for (i = 0; i < t; i++)
  13   1              for (j = 0; j < 110; j++);
  14   1      }
  15          
  16          // 按键扫描函数
  17          void key_scanf()
  18          {
  19   1              if(KEY1 == 0)
  20   1              {
  21   2                      delay_ms(20);           // 消抖 
  22   2                      if(KEY1 == 0)
  23   2                              motor_mode = ~motor_mode;
  24   2                      while(KEY1 == 0);       // 等待按键释放
  25   2              }
  26   1      }
  27          
  28          // 主程序
  29          void main()
  30          {
  31   1              DC_Motor = 0;
  32   1              while(1)
  33   1              {
  34   2                      key_scanf();
  35   2                      if(motor_mode)
  36   2                              DC_Motor = 1;
  37   2                      else
  38   2                              DC_Motor = 0;
  39   2              }
  40   1      }


MODULE INFORMATION:   STATIC OVERLAYABLE
   CODE SIZE        =     69    ----
   CONSTANT SIZE    =   ----    ----
   XDATA SIZE       =   ----    ----
   PDATA SIZE       =   ----    ----
   DATA SIZE        =      1    ----
   IDATA SIZE       =   ----    ----
   BIT SIZE         =   ----    ----
END OF MODULE INFORMATION.


C51 COMPILATION COMPLETE.  0 WARNING(S),  0 ERROR(S)
